<?xml version="1.0" encoding="UTF-8"?>
<testng-results skipped="0" failed="0" ignored="0" total="1" passed="1">
  <reporter-output>
  </reporter-output>
  <suite name="Default suite" duration-ms="14549" started-at="2019-08-14T01:25:14Z" finished-at="2019-08-14T01:25:29Z">
    <groups>
    </groups>
    <test name="Default test" duration-ms="14549" started-at="2019-08-14T01:25:14Z" finished-at="2019-08-14T01:25:29Z">
      <class name="tests.LoginTest">
        <test-method status="PASS" signature="setup()[pri:0, instance:tests.LoginTest@548a9f61]" name="setup" is-config="true" duration-ms="8112" started-at="2019-08-14T01:25:14Z" finished-at="2019-08-14T01:25:22Z">
          <reporter-output>
          </reporter-output>
        </test-method> <!-- setup -->
        <test-method status="PASS" signature="testlogin()[pri:0, instance:tests.LoginTest@548a9f61]" name="testlogin" duration-ms="5661" started-at="2019-08-14T01:25:23Z" finished-at="2019-08-14T01:25:28Z">
          <reporter-output>
          </reporter-output>
        </test-method> <!-- testlogin -->
        <test-method status="PASS" signature="teardown()[pri:0, instance:tests.LoginTest@548a9f61]" name="teardown" is-config="true" duration-ms="737" started-at="2019-08-14T01:25:28Z" finished-at="2019-08-14T01:25:29Z">
          <reporter-output>
          </reporter-output>
        </test-method> <!-- teardown -->
      </class> <!-- tests.LoginTest -->
    </test> <!-- Default test -->
  </suite> <!-- Default suite -->
</testng-results>
